Created by PLY version 3.11 (http://www.dabeaz.com/ply)

Unused terminals:

    ADD_IDEA
    ADD_TASK
    ASSIGN_TASK
    CREATE_BRAINSTORM
    CREATE_GRAPH
    DELETE_IDEA
    DELETE_MEMBER
    DELETE_TASK
    EDIT_TASK
    GENERATE_PROJECT
    GRAPH_AXIS
    GRAPH_DATA
    GRAPH_TYPE
    LIST_OVERDUE
    LIST_TODAY
    LIST_WEEK
    NAME
    NEW_MEMBER
    NEW_PROJECT
    USERNAME
    VIEW_BRAINSTORM
    VIEW_SCHEDULE
    VIEW_TASKS

Grammar

Rule 0     S' -> statement
Rule 1     statement -> command PHRASE
Rule 2     statement -> command PHRASE DATE DATE NUMBER
Rule 3     statement -> command PHRASE NUMBER
Rule 4     statement -> command NUMBER
Rule 5     command -> COMMAND

Terminals, with rules where they appear

ADD_IDEA             : 
ADD_TASK             : 
ASSIGN_TASK          : 
COMMAND              : 5
CREATE_BRAINSTORM    : 
CREATE_GRAPH         : 
DATE                 : 2 2
DELETE_IDEA          : 
DELETE_MEMBER        : 
DELETE_TASK          : 
EDIT_TASK            : 
GENERATE_PROJECT     : 
GRAPH_AXIS           : 
GRAPH_DATA           : 
GRAPH_TYPE           : 
LIST_OVERDUE         : 
LIST_TODAY           : 
LIST_WEEK            : 
NAME                 : 
NEW_MEMBER           : 
NEW_PROJECT          : 
NUMBER               : 2 3 4
PHRASE               : 1 2 3
USERNAME             : 
VIEW_BRAINSTORM      : 
VIEW_SCHEDULE        : 
VIEW_TASKS           : 
error                : 

Nonterminals, with rules where they appear

command              : 1 2 3 4
statement            : 0

Parsing method: LALR

state 0

    (0) S' -> . statement
    (1) statement -> . command PHRASE
    (2) statement -> . command PHRASE DATE DATE NUMBER
    (3) statement -> . command PHRASE NUMBER
    (4) statement -> . command NUMBER
    (5) command -> . COMMAND

    COMMAND         shift and go to state 3

    statement                      shift and go to state 1
    command                        shift and go to state 2

state 1

    (0) S' -> statement .



state 2

    (1) statement -> command . PHRASE
    (2) statement -> command . PHRASE DATE DATE NUMBER
    (3) statement -> command . PHRASE NUMBER
    (4) statement -> command . NUMBER

    PHRASE          shift and go to state 4
    NUMBER          shift and go to state 5


state 3

    (5) command -> COMMAND .

    PHRASE          reduce using rule 5 (command -> COMMAND .)
    NUMBER          reduce using rule 5 (command -> COMMAND .)


state 4

    (1) statement -> command PHRASE .
    (2) statement -> command PHRASE . DATE DATE NUMBER
    (3) statement -> command PHRASE . NUMBER

    $end            reduce using rule 1 (statement -> command PHRASE .)
    DATE            shift and go to state 6
    NUMBER          shift and go to state 7


state 5

    (4) statement -> command NUMBER .

    $end            reduce using rule 4 (statement -> command NUMBER .)


state 6

    (2) statement -> command PHRASE DATE . DATE NUMBER

    DATE            shift and go to state 8


state 7

    (3) statement -> command PHRASE NUMBER .

    $end            reduce using rule 3 (statement -> command PHRASE NUMBER .)


state 8

    (2) statement -> command PHRASE DATE DATE . NUMBER

    NUMBER          shift and go to state 9


state 9

    (2) statement -> command PHRASE DATE DATE NUMBER .

    $end            reduce using rule 2 (statement -> command PHRASE DATE DATE NUMBER .)

